Arguments: 
  C:\Program Files\nodejs\node.exe C:\Users\mstillson\AppData\Roaming\npm\node_modules\yarn\bin\yarn.js install

PATH: 
  C:\Program Files\Microsoft MPI\Bin\;C:\Program Files (x86)\Python36-32\Scripts\;C:\Program Files (x86)\Python36-32\;C:\ProgramData\Oracle\Java\javapath;C:\Windows\system32;C:\Windows;C:\Windows\System32\Wbem;C:\Windows\System32\WindowsPowerShell\v1.0\;C:\Program Files (x86)\Interactive Intelligence\ININ Trace Initialization\;C:\Program Files (x86)\Interactive Intelligence\ICUserApps\;C:\Program Files\Interactive Intelligence\ICUserApps\;C:\Program Files (x86)\Microsoft SQL Server\Client SDK\ODBC\130\Tools\Binn\;C:\Program Files (x86)\Microsoft SQL Server\140\Tools\Binn\;C:\Program Files (x86)\Microsoft SQL Server\140\DTS\Binn\;C:\Program Files (x86)\Microsoft SQL Server\140\Tools\Binn\ManagementStudio\;C:\Program Files (x86)\Interactive Intelligence\BusinessManagerApps\;C:\Program Files (x86)\Common Files\Crystal Decisions\2.0\bin\;C:\Program Files (x86)\SAP BusinessObjects\Crystal Reports for .NET Framework 4.0\Common\SAP BusinessObjects Enterprise XI 4.0\win32_x86\;C:\Program Files\Microsoft\Web Platform Installer\;C:\Program Files\Microsoft SQL Server\130\Tools\Binn\;C:\Program Files\dotnet\;C:\Program Files\nodejs\;C:\Program Files\Git\cmd;C:\Program Files\Microsoft SQL Server\Client SDK\ODBC\130\Tools\Binn\;C:\Go\bin;C:\Program Files (x86)\Xoreax\IncrediBuild;C:\Users\mstillson\AppData\Local\Microsoft\WindowsApps;;C:\Program Files (x86)\Microsoft VS Code\bin;C:\Users\mstillson\AppData\Roaming\npm

Yarn version: 
  1.2.1

Node version: 
  6.11.2

Platform: 
  win32 x64

npm manifest: 
  {
    "name": "certifications",
    "version": "0.0.0",
    "license": "MIT",
    "scripts": {
      "ng": "ng",
      "start": "ng serve",
      "build": "ng build",
      "test": "ng test",
      "lint": "ng lint",
      "e2e": "ng e2e"
    },
    "private": true,
    "dependencies": {
      "@angular/animations": "^4.2.4",
      "@angular/common": "^4.2.4",
      "@angular/compiler": "^4.2.4",
      "@angular/core": "^4.2.4",
      "@angular/forms": "^4.2.4",
      "@angular/http": "^4.2.4",
      "@angular/platform-browser": "^4.2.4",
      "@angular/platform-browser-dynamic": "^4.2.4",
      "@angular/router": "^4.2.4",
      "core-js": "^2.4.1",
      "rxjs": "^5.4.2",
      "zone.js": "^0.8.14"
    },
    "devDependencies": {
      "@angular/cli": "1.4.3",
      "@angular/compiler-cli": "^4.2.4",
      "@angular/language-service": "^4.2.4",
      "@types/jasmine": "~2.5.53",
      "@types/jasminewd2": "~2.0.2",
      "@types/node": "~6.0.60",
      "codelyzer": "~3.1.1",
      "jasmine-core": "~2.6.2",
      "jasmine-spec-reporter": "~4.1.0",
      "karma": "~1.7.0",
      "karma-chrome-launcher": "~2.1.1",
      "karma-cli": "~1.0.1",
      "karma-coverage-istanbul-reporter": "^1.2.1",
      "karma-jasmine": "~1.1.0",
      "karma-jasmine-html-reporter": "^0.2.2",
      "protractor": "~5.1.2",
      "ts-node": "~3.2.0",
      "tslint": "~5.3.2",
      "typescript": "~2.3.3"
    }
  }

yarn manifest: 
  No manifest

Lockfile: 
  No lockfile

Trace: 
  Error: self signed certificate in certificate chain
      at Error (native)
      at TLSSocket.<anonymous> (_tls_wrap.js:1092:38)
      at emitNone (events.js:86:13)
      at TLSSocket.emit (events.js:185:7)
      at TLSSocket._finishInit (_tls_wrap.js:610:8)
      at TLSWrap.ssl.onhandshakedone (_tls_wrap.js:440:38)
